d:\桌面c++系列\maocloudwindows\maocloud\maocloud\x64\debug\vc120.pdb
d:\桌面c++系列\maocloudwindows\maocloud\maocloud\x64\debug\qrc_maocloud.obj
d:\桌面c++系列\maocloudwindows\maocloud\maocloud\x64\debug\maocloud.obj
d:\桌面c++系列\maocloudwindows\maocloud\maocloud\x64\debug\main.obj
d:\桌面c++系列\maocloudwindows\maocloud\maocloud\x64\debug\moc_maocloud.obj
d:\桌面c++系列\maocloudwindows\maocloud\maocloud\generatedfiles\qrc_maocloud.cpp
d:\桌面c++系列\maocloudwindows\maocloud\maocloud\generatedfiles\ui_maocloud.h
d:\桌面c++系列\maocloudwindows\maocloud\maocloud\generatedfiles\debug\moc_maocloud.cpp
d:\桌面c++系列\maocloudwindows\maocloud\x64\debug\maocloud.ilk
d:\桌面c++系列\maocloudwindows\maocloud\x64\debug\maocloud.exe
d:\桌面c++系列\maocloudwindows\maocloud\x64\debug\maocloud.pdb
d:\桌面c++系列\maocloudwindows\maocloud\maocloud\x64\debug\maocloud.tlog\cl.command.1.tlog
d:\桌面c++系列\maocloudwindows\maocloud\maocloud\x64\debug\maocloud.tlog\cl.read.1.tlog
d:\桌面c++系列\maocloudwindows\maocloud\maocloud\x64\debug\maocloud.tlog\cl.write.1.tlog
d:\桌面c++系列\maocloudwindows\maocloud\maocloud\x64\debug\maocloud.tlog\custombuild.command.1.tlog
d:\桌面c++系列\maocloudwindows\maocloud\maocloud\x64\debug\maocloud.tlog\custombuild.read.1.tlog
d:\桌面c++系列\maocloudwindows\maocloud\maocloud\x64\debug\maocloud.tlog\custombuild.write.1.tlog
d:\桌面c++系列\maocloudwindows\maocloud\maocloud\x64\debug\maocloud.tlog\link.command.1.tlog
d:\桌面c++系列\maocloudwindows\maocloud\maocloud\x64\debug\maocloud.tlog\link.read.1.tlog
d:\桌面c++系列\maocloudwindows\maocloud\maocloud\x64\debug\maocloud.tlog\link.write.1.tlog
