生成启动时间为 2016/8/23 21:42:11。
     1>项目“D:\桌面C++系列\MaoCloudWindows\MaoCloud\MaoCloud\MaoCloud.vcxproj”在节点 2 上(Build 个目标)。
     1>CustomBuild:
         Moc'ing maocloud.h...
         Uic'ing maocloud.ui...
         Rcc'ing maocloud.qrc...
     1>RCC : warning : No resources in 'D:\妗岄潰C++绯诲垪\MaoCloudWindows\MaoCloud\MaoCloud\maocloud.qrc'.
         
       ClCompile:
         D:\VS2013\VC\bin\x86_amd64\CL.exe /c /I.\GeneratedFiles /I. /IC:\Qt\Qt5.7.0\5.7\msvc2013_64\include /I.\GeneratedFiles\Release /IC:\Qt\Qt5.7.0\5.7\msvc2013_64\include\QtCore /IC:\Qt\Qt5.7.0\5.7\msvc2013_64\include\QtGui /IC:\Qt\Qt5.7.0\5.7\msvc2013_64\include\QtWidgets /nologo /W1 /WX- /O2 /D UNICODE /D WIN32 /D WIN64 /D QT_DLL /D QT_NO_DEBUG /D NDEBUG /D QT_CORE_LIB /D QT_GUI_LIB /D QT_WIDGETS_LIB /Gm- /EHsc /MD /GS /fp:precise /Zc:wchar_t /Zc:forScope /Fo"x64\Release\\" /Fd"x64\Release\vc120.pdb" /Gd /TP /errorReport:prompt GeneratedFiles\qrc_maocloud.cpp
         qrc_maocloud.cpp
         D:\VS2013\VC\bin\x86_amd64\CL.exe /c /I.\GeneratedFiles /I. /IC:\Qt\Qt5.7.0\5.7\msvc2013_64\include /I.\GeneratedFiles\Release /IC:\Qt\Qt5.7.0\5.7\msvc2013_64\include\QtCore /IC:\Qt\Qt5.7.0\5.7\msvc2013_64\include\QtGui /IC:\Qt\Qt5.7.0\5.7\msvc2013_64\include\QtWidgets /nologo /W1 /WX- /O2 /D UNICODE /D WIN32 /D WIN64 /D QT_DLL /D QT_NO_DEBUG /D NDEBUG /D QT_CORE_LIB /D QT_GUI_LIB /D QT_WIDGETS_LIB /Gm- /EHsc /MD /GS /fp:precise /Zc:wchar_t /Zc:forScope /Fo"x64\Release\\" /Fd"x64\Release\vc120.pdb" /Gd /TP /errorReport:prompt GeneratedFiles\Release\moc_maocloud.cpp main.cpp maocloud.cpp
         moc_maocloud.cpp
         main.cpp
         maocloud.cpp
         正在生成代码...
       Link:
         D:\VS2013\VC\bin\x86_amd64\link.exe /ERRORREPORT:PROMPT /OUT:"D:\桌面C++系列\MaoCloudWindows\MaoCloud\x64\Release\\MaoCloud.exe" /NOLOGO /LIBPATH:C:\Qt\Qt5.7.0\5.7\msvc2013_64\lib qtmain.lib Qt5Core.lib Qt5Gui.lib Qt5Widgets.lib kernel32.lib user32.lib gdi32.lib winspool.lib comdlg32.lib advapi32.lib shell32.lib ole32.lib oleaut32.lib uuid.lib odbc32.lib odbccp32.lib /MANIFEST /MANIFESTUAC:"level='asInvoker' uiAccess='false'" /manifest:embed /PDB:"D:\桌面C++系列\MaoCloudWindows\MaoCloud\x64\Release\MaoCloud.pdb" /SUBSYSTEM:WINDOWS /TLBID:1 /DYNAMICBASE /NXCOMPAT /IMPLIB:"D:\桌面C++系列\MaoCloudWindows\MaoCloud\x64\Release\MaoCloud.lib" /MACHINE:X64 x64\Release\qrc_maocloud.obj
         x64\Release\moc_maocloud.obj
         x64\Release\main.obj
         x64\Release\maocloud.obj
         MaoCloud.vcxproj -> D:\桌面C++系列\MaoCloudWindows\MaoCloud\x64\Release\MaoCloud.exe
     1>已完成生成项目“D:\桌面C++系列\MaoCloudWindows\MaoCloud\MaoCloud\MaoCloud.vcxproj”(Build 个目标)的操作。

生成成功。

已用时间 00:00:04.35
